<?xml version="1.0" encoding="UTF-8" ?>
<testsuite tests="13" failures="0" name="org.jfree.data.xy.XIntervalSeriesTest" time="0.005" errors="0" skipped="0">
  <properties>
[...]
</properties>
  <testcase classname="org.jfree.data.xy.XIntervalSeriesTest" name="testSerialization" time="0"/>
  <testcase classname="org.jfree.data.xy.XIntervalSeriesTest" name="testAdd" time="0"/>
  <testcase classname="org.jfree.data.xy.XIntervalSeriesTest" name="testSetMaximumItemCount2" time="0"/>
  <testcase classname="org.jfree.data.xy.XIntervalSeriesTest" name="testClear" time="0"/>
  <testcase classname="org.jfree.data.xy.XIntervalSeriesTest" name="testSetMaximumItemCount" time="0"/>
  <testcase classname="org.jfree.data.xy.XIntervalSeriesTest" name="testCloning" time="0"/>
  <testcase classname="org.jfree.data.xy.XIntervalSeriesTest" name="testAdditionOfDuplicateXValues" time="0"/>
  <testcase classname="org.jfree.data.xy.XIntervalSeriesTest" name="testGetXHighValue" time="0"/>
  <testcase classname="org.jfree.data.xy.XIntervalSeriesTest" name="testIndexOf2" time="0"/>
  <testcase classname="org.jfree.data.xy.XIntervalSeriesTest" name="testEquals" time="0"/>
  <testcase classname="org.jfree.data.xy.XIntervalSeriesTest" name="testGetXLowValue" time="0"/>
  <testcase classname="org.jfree.data.xy.XIntervalSeriesTest" name="testIndexOf" time="0"/>
  <testcase classname="org.jfree.data.xy.XIntervalSeriesTest" name="testRemove" time="0"/>
</testsuite>