-------------------------------------------------------------------------------
Test set: org.apache.log4j.xml.CustomLevelTestCase
-------------------------------------------------------------------------------
Tests run: 4, Failures: 0, Errors: 0, Skipped: 0, Time elapsed: 0.227 sec
test1(org.apache.log4j.xml.CustomLevelTestCase)  Time elapsed: 0.158 sec
test2(org.apache.log4j.xml.CustomLevelTestCase)  Time elapsed: 0.014 sec
test3(org.apache.log4j.xml.CustomLevelTestCase)  Time elapsed: 0.014 sec
test4(org.apache.log4j.xml.CustomLevelTestCase)  Time elapsed: 0.011 sec
