-------------------------------------------------------------------------------
Test set: org.apache.log4j.CategoryTest
-------------------------------------------------------------------------------
Tests run: 5, Failures: 0, Errors: 0, Skipped: 0, Time elapsed: 0.178 sec
testL7dlog(org.apache.log4j.CategoryTest)  Time elapsed: 0.033 sec
testSetPriority(org.apache.log4j.CategoryTest)  Time elapsed: 0 sec
testForcedLog(org.apache.log4j.CategoryTest)  Time elapsed: 0.112 sec
testL7dlog4Param(org.apache.log4j.CategoryTest)  Time elapsed: 0 sec
testGetChainedPriorityReturnType(org.apache.log4j.CategoryTest)  Time elapsed: 0 sec
