-------------------------------------------------------------------------------
Test set: org.apache.log4j.helpers.BoundedFIFOTestCase
-------------------------------------------------------------------------------
Tests run: 5, Failures: 0, Errors: 0, Skipped: 0, Time elapsed: 0.115 sec
test1(org.apache.log4j.helpers.BoundedFIFOTestCase)  Time elapsed: 0.029 sec
test2(org.apache.log4j.helpers.BoundedFIFOTestCase)  Time elapsed: 0 sec
testResize1(org.apache.log4j.helpers.BoundedFIFOTestCase)  Time elapsed: 0.001 sec
testResize2(org.apache.log4j.helpers.BoundedFIFOTestCase)  Time elapsed: 0.004 sec
testResize3(org.apache.log4j.helpers.BoundedFIFOTestCase)  Time elapsed: 0.003 sec
