-------------------------------------------------------------------------------
Test set: org.apache.log4j.FileAppenderTest
-------------------------------------------------------------------------------
Tests run: 4, Failures: 0, Errors: 0, Skipped: 0, Time elapsed: 0.086 sec
testIsAsSevereAsThreshold(org.apache.log4j.FileAppenderTest)  Time elapsed: 0.021 sec
testgetSetThreshold(org.apache.log4j.FileAppenderTest)  Time elapsed: 0.001 sec
testGetThresholdReturnType(org.apache.log4j.FileAppenderTest)  Time elapsed: 0.004 sec
testDirectoryCreation(org.apache.log4j.FileAppenderTest)  Time elapsed: 0.028 sec
