-------------------------------------------------------------------------------
Test set: com.puppycrawl.tools.checkstyle.checks.coding.IllegalTokenCheckTest
-------------------------------------------------------------------------------
Tests run: 7, Failures: 1, Errors: 0, Skipped: 0, Time elapsed: 0.031 s <<< FAILURE! - in com.puppycrawl.tools.checkstyle.checks.coding.IllegalTokenCheckTest
testCommentContentToken(com.puppycrawl.tools.checkstyle.checks.coding.IllegalTokenCheckTest)  Time elapsed: 0 s  <<< FAILURE!
org.junit.ComparisonFailure: error message 0 expected:<...' some comment href\[r\]n' is not allowed.> but was:<...' some comment href\[]n' is not allowed.>
	at com.puppycrawl.tools.checkstyle.checks.coding.IllegalTokenCheckTest.testCommentContentToken(IllegalTokenCheckTest.java:95)

