-------------------------------------------------------------------------------
Test set: com.puppycrawl.tools.checkstyle.api.FileTextTest
-------------------------------------------------------------------------------
Tests run: 9, Failures: 1, Errors: 0, Skipped: 0, Time elapsed: 0 s <<< FAILURE! - in com.puppycrawl.tools.checkstyle.api.FileTextTest
testLineColumnAfterCopyConstructor(com.puppycrawl.tools.checkstyle.api.FileTextTest)  Time elapsed: 0 s  <<< FAILURE!
java.lang.AssertionError: Invalid column expected:<44> but was:<46>
	at com.puppycrawl.tools.checkstyle.api.FileTextTest.testLineColumnAfterCopyConstructor(FileTextTest.java:105)

