<?xml version="1.0" encoding="UTF-8"?>
<testsuite xmlns:xsi="http://www.w3.org/2001/XMLSchema-instance" xsi:noNamespaceSchemaLocation="https://maven.apache.org/surefire/maven-surefire-plugin/xsd/surefire-test-report.xsd" name="com.puppycrawl.tools.checkstyle.JavadocDetailNodeParserTest" time="0" tests="1" errors="0" skipped="0" failures="1">
  <properties>
[...]
</properties>
  <testcase name="testParseJavadocAsDetailNode" classname="com.puppycrawl.tools.checkstyle.JavadocDetailNodeParserTest" time="0">
    <failure message="Invalid parse result expected:&lt;...DOC -&gt; JAVADOC [3:3][&#10;|--NEWLINE -&gt; \r\n [3:3]&#10;|--LEADING_ASTERISK -&gt;  * [4:0]&#10;|--TEXT -&gt;  Some  [4:2]&#10;|--HTML_ELEMENT -&gt; HTML_ELEMENT [4:8]&#10;|   `--PARAGRAPH -&gt; PARAGRAPH [4:8]&#10;|       |--P_TAG_START -&gt; P_TAG_START [4:8]&#10;|       |   |--START -&gt; &lt; [4:8]&#10;|       |   |--P_HTML_TAG_NAME -&gt; p [4:9]&#10;|       |   `--END -&gt; &gt; [4:10]&#10;|       |--TEXT -&gt; Javadoc [4:11]&#10;|       `--P_TAG_END -&gt; P_TAG_END [4:18]&#10;|           |--START -&gt; &lt; [4:18]&#10;|           |--SLASH -&gt; / [4:19]&#10;|           |--P_HTML_TAG_NAME -&gt; p [4:20]&#10;|           `--END -&gt; &gt; [4:21]&#10;|--TEXT -&gt; . [4:22]&#10;|--NEWLINE -&gt; \r\n [4:23]&#10;|--LEADING_ASTERISK -&gt;  * [5:0]&#10;|--NEWLINE -&gt; \r\n [5:2]&#10;|--LEADING_ASTERISK -&gt;  * [6:0]&#10;|--TEXT -&gt;  Some Javadoc. [6:2]&#10;|--NEWLINE -&gt; \r\n [6:16]&#10;|--LEADING_ASTERISK -&gt;  * [7:0]&#10;|--NEWLINE -&gt; \r\n [7:2]&#10;|--LEADING_ASTERISK -&gt;  * [8:0]&#10;|--WS -&gt;   [8:2]&#10;|--JAVADOC_TAG -&gt; JAVADOC_TAG [8:3]&#10;|   |--SEE_LITERAL -&gt; @see [8:3]&#10;|   |--WS -&gt;   [8:7]&#10;|   |--HTML_ELEMENT -&gt; HTML_ELEMENT [8:8]&#10;|   |   `--HTML_TAG -&gt; HTML_TAG [8:8]&#10;|   |       |--HTML_ELEMENT_START -&gt; HTML_ELEMENT_START [8:8]&#10;|   |       |   |--START -&gt; &lt; [8:8]&#10;|   |       |   |--HTML_TAG_NAME -&gt; a [8:9]&#10;|   |       |   |--WS -&gt;   [8:10]&#10;|   |       |   |--ATTRIBUTE -&gt; ATTRIBUTE [8:11]&#10;|   |       |   |   |--HTML_TAG_NAME -&gt; href [8:11]&#10;|   |       |   |   |--EQUALS -&gt; = [8:15]&#10;|   |       |   |   `--ATTR_VALUE -&gt; &quot;http://code.google.com&quot; [8:16]&#10;|   |       |   `--END -&gt; &gt; [8:41]&#10;|   |       |--TEXT -&gt; Documentation about GWT emulated source [8:42]&#10;|   |       `--HTML_ELEMENT_END -&gt; HTML_ELEMENT_END [8:81]&#10;|   |           |--START -&gt; &lt; [8:81]&#10;|   |           |--SLASH -&gt; / [8:82]&#10;|   |           |--HTML_TAG_NAME -&gt; a [8:83]&#10;|   |           `--END -&gt; &gt; [8:84]&#10;|   |--NEWLINE -&gt; \r\n [8:85]&#10;|   `--WS -&gt;   [9:0]&#10;`--EOF -&gt; &lt;EOF&gt; [9:1]]&#10;&gt; but was:&lt;...DOC -&gt; JAVADOC [3:3][&#10;|--NEWLINE -&gt; \n [3:3]&#10;|--LEADING_ASTERISK -&gt;  * [4:0]&#10;|--TEXT -&gt;  Some  [4:2]&#10;|--HTML_ELEMENT -&gt; HTML_ELEMENT [4:8]&#10;|   `--PARAGRAPH -&gt; PARAGRAPH [4:8]&#10;|       |--P_TAG_START -&gt; P_TAG_START [4:8]&#10;|       |   |--START -&gt; &lt; [4:8]&#10;|       |   |--P_HTML_TAG_NAME -&gt; p [4:9]&#10;|       |   `--END -&gt; &gt; [4:10]&#10;|       |--TEXT -&gt; Javadoc [4:11]&#10;|       `--P_TAG_END -&gt; P_TAG_END [4:18]&#10;|           |--START -&gt; &lt; [4:18]&#10;|           |--SLASH -&gt; / [4:19]&#10;|           |--P_HTML_TAG_NAME -&gt; p [4:20]&#10;|           `--END -&gt; &gt; [4:21]&#10;|--TEXT -&gt; . [4:22]&#10;|--NEWLINE -&gt; \n [4:23]&#10;|--LEADING_ASTERISK -&gt;  * [5:0]&#10;|--NEWLINE -&gt; \n [5:2]&#10;|--LEADING_ASTERISK -&gt;  * [6:0]&#10;|--TEXT -&gt;  Some Javadoc. [6:2]&#10;|--NEWLINE -&gt; \n [6:16]&#10;|--LEADING_ASTERISK -&gt;  * [7:0]&#10;|--NEWLINE -&gt; \n [7:2]&#10;|--LEADING_ASTERISK -&gt;  * [8:0]&#10;|--WS -&gt;   [8:2]&#10;|--JAVADOC_TAG -&gt; JAVADOC_TAG [8:3]&#10;|   |--SEE_LITERAL -&gt; @see [8:3]&#10;|   |--WS -&gt;   [8:7]&#10;|   |--HTML_ELEMENT -&gt; HTML_ELEMENT [8:8]&#10;|   |   `--HTML_TAG -&gt; HTML_TAG [8:8]&#10;|   |       |--HTML_ELEMENT_START -&gt; HTML_ELEMENT_START [8:8]&#10;|   |       |   |--START -&gt; &lt; [8:8]&#10;|   |       |   |--HTML_TAG_NAME -&gt; a [8:9]&#10;|   |       |   |--WS -&gt;   [8:10]&#10;|   |       |   |--ATTRIBUTE -&gt; ATTRIBUTE [8:11]&#10;|   |       |   |   |--HTML_TAG_NAME -&gt; href [8:11]&#10;|   |       |   |   |--EQUALS -&gt; = [8:15]&#10;|   |       |   |   `--ATTR_VALUE -&gt; &quot;http://code.google.com&quot; [8:16]&#10;|   |       |   `--END -&gt; &gt; [8:41]&#10;|   |       |--TEXT -&gt; Documentation about GWT emulated source [8:42]&#10;|   |       `--HTML_ELEMENT_END -&gt; HTML_ELEMENT_END [8:81]&#10;|   |           |--START -&gt; &lt; [8:81]&#10;|   |           |--SLASH -&gt; / [8:82]&#10;|   |           |--HTML_TAG_NAME -&gt; a [8:83]&#10;|   |           `--END -&gt; &gt; [8:84]&#10;|   |--NEWLINE -&gt; \n [8:85]&#10;|   `--WS -&gt;   [9:0]&#10;`--EOF -&gt; &lt;EOF&gt; [9:1]&#13;]&#10;&gt;" type="org.junit.ComparisonFailure"><![CDATA[org.junit.ComparisonFailure: 
Invalid parse result expected:<...DOC -> JAVADOC [3:3][
|--NEWLINE -> \r\n [3:3]
|--LEADING_ASTERISK ->  * [4:0]
|--TEXT ->  Some  [4:2]
|--HTML_ELEMENT -> HTML_ELEMENT [4:8]
|   `--PARAGRAPH -> PARAGRAPH [4:8]
|       |--P_TAG_START -> P_TAG_START [4:8]
|       |   |--START -> < [4:8]
|       |   |--P_HTML_TAG_NAME -> p [4:9]
|       |   `--END -> > [4:10]
|       |--TEXT -> Javadoc [4:11]
|       `--P_TAG_END -> P_TAG_END [4:18]
|           |--START -> < [4:18]
|           |--SLASH -> / [4:19]
|           |--P_HTML_TAG_NAME -> p [4:20]
|           `--END -> > [4:21]
|--TEXT -> . [4:22]
|--NEWLINE -> \r\n [4:23]
|--LEADING_ASTERISK ->  * [5:0]
|--NEWLINE -> \r\n [5:2]
|--LEADING_ASTERISK ->  * [6:0]
|--TEXT ->  Some Javadoc. [6:2]
|--NEWLINE -> \r\n [6:16]
|--LEADING_ASTERISK ->  * [7:0]
|--NEWLINE -> \r\n [7:2]
|--LEADING_ASTERISK ->  * [8:0]
|--WS ->   [8:2]
|--JAVADOC_TAG -> JAVADOC_TAG [8:3]
|   |--SEE_LITERAL -> @see [8:3]
|   |--WS ->   [8:7]
|   |--HTML_ELEMENT -> HTML_ELEMENT [8:8]
|   |   `--HTML_TAG -> HTML_TAG [8:8]
|   |       |--HTML_ELEMENT_START -> HTML_ELEMENT_START [8:8]
|   |       |   |--START -> < [8:8]
|   |       |   |--HTML_TAG_NAME -> a [8:9]
|   |       |   |--WS ->   [8:10]
|   |       |   |--ATTRIBUTE -> ATTRIBUTE [8:11]
|   |       |   |   |--HTML_TAG_NAME -> href [8:11]
|   |       |   |   |--EQUALS -> = [8:15]
|   |       |   |   `--ATTR_VALUE -> "http://code.google.com" [8:16]
|   |       |   `--END -> > [8:41]
|   |       |--TEXT -> Documentation about GWT emulated source [8:42]
|   |       `--HTML_ELEMENT_END -> HTML_ELEMENT_END [8:81]
|   |           |--START -> < [8:81]
|   |           |--SLASH -> / [8:82]
|   |           |--HTML_TAG_NAME -> a [8:83]
|   |           `--END -> > [8:84]
|   |--NEWLINE -> \r\n [8:85]
|   `--WS ->   [9:0]
`--EOF -> <EOF> [9:1]]
> but was:<...DOC -> JAVADOC [3:3][
|--NEWLINE -> \n [3:3]
|--LEADING_ASTERISK ->  * [4:0]
|--TEXT ->  Some  [4:2]
|--HTML_ELEMENT -> HTML_ELEMENT [4:8]
|   `--PARAGRAPH -> PARAGRAPH [4:8]
|       |--P_TAG_START -> P_TAG_START [4:8]
|       |   |--START -> < [4:8]
|       |   |--P_HTML_TAG_NAME -> p [4:9]
|       |   `--END -> > [4:10]
|       |--TEXT -> Javadoc [4:11]
|       `--P_TAG_END -> P_TAG_END [4:18]
|           |--START -> < [4:18]
|           |--SLASH -> / [4:19]
|           |--P_HTML_TAG_NAME -> p [4:20]
|           `--END -> > [4:21]
|--TEXT -> . [4:22]
|--NEWLINE -> \n [4:23]
|--LEADING_ASTERISK ->  * [5:0]
|--NEWLINE -> \n [5:2]
|--LEADING_ASTERISK ->  * [6:0]
|--TEXT ->  Some Javadoc. [6:2]
|--NEWLINE -> \n [6:16]
|--LEADING_ASTERISK ->  * [7:0]
|--NEWLINE -> \n [7:2]
|--LEADING_ASTERISK ->  * [8:0]
|--WS ->   [8:2]
|--JAVADOC_TAG -> JAVADOC_TAG [8:3]
|   |--SEE_LITERAL -> @see [8:3]
|   |--WS ->   [8:7]
|   |--HTML_ELEMENT -> HTML_ELEMENT [8:8]
|   |   `--HTML_TAG -> HTML_TAG [8:8]
|   |       |--HTML_ELEMENT_START -> HTML_ELEMENT_START [8:8]
|   |       |   |--START -> < [8:8]
|   |       |   |--HTML_TAG_NAME -> a [8:9]
|   |       |   |--WS ->   [8:10]
|   |       |   |--ATTRIBUTE -> ATTRIBUTE [8:11]
|   |       |   |   |--HTML_TAG_NAME -> href [8:11]
|   |       |   |   |--EQUALS -> = [8:15]
|   |       |   |   `--ATTR_VALUE -> "http://code.google.com" [8:16]
|   |       |   `--END -> > [8:41]
|   |       |--TEXT -> Documentation about GWT emulated source [8:42]
|   |       `--HTML_ELEMENT_END -> HTML_ELEMENT_END [8:81]
|   |           |--START -> < [8:81]
|   |           |--SLASH -> / [8:82]
|   |           |--HTML_TAG_NAME -> a [8:83]
|   |           `--END -> > [8:84]
|   |--NEWLINE -> \n [8:85]
|   `--WS ->   [9:0]
`--EOF -> <EOF> [9:1]]
>
	at com.puppycrawl.tools.checkstyle.JavadocDetailNodeParserTest.testParseJavadocAsDetailNode(JavadocDetailNodeParserTest.java:68)
]]></failure>
  </testcase>
</testsuite>