<?xml version="1.0" encoding="UTF-8"?>
<testsuite xmlns:xsi="http://www.w3.org/2001/XMLSchema-instance" xsi:noNamespaceSchemaLocation="https://maven.apache.org/surefire/maven-surefire-plugin/xsd/surefire-test-report.xsd" name="com.puppycrawl.tools.checkstyle.DetailNodeTreeStringPrinterTest" time="0" tests="12" errors="0" skipped="0" failures="2">
  <properties>
[...]
</properties>
  <testcase name="testUnescapedJavaCodeWithGenericsInJavadoc" classname="com.puppycrawl.tools.checkstyle.DetailNodeTreeStringPrinterTest" time="0"/>
  <testcase name="testNoUnnecessaryTextInJavadocAst" classname="com.puppycrawl.tools.checkstyle.DetailNodeTreeStringPrinterTest" time="0">
    <failure message="Generated tree from the javadoc file should match the pre-defined tree expected:&lt;...DOC -&gt; JAVADOC [0:0][&#10;|--LEADING_ASTERISK -&gt; * [0:0]&#10;|--TEXT -&gt;   [0:1]&#10;|--HTML_ELEMENT -&gt; HTML_ELEMENT [0:2]&#10;|   `--PARAGRAPH -&gt; PARAGRAPH [0:2]&#10;|       |--P_TAG_START -&gt; P_TAG_START [0:2]&#10;|       |   |--START -&gt; &lt; [0:2]&#10;|       |   |--P_HTML_TAG_NAME -&gt; p [0:3]&#10;|       |   `--END -&gt; &gt; [0:4]&#10;|       |--NEWLINE -&gt; \n [0:5]&#10;|       |--LEADING_ASTERISK -&gt; * [1:0]&#10;|       |--TEXT -&gt;  My  [1:1]&#10;|       |--JAVADOC_INLINE_TAG -&gt; JAVADOC_INLINE_TAG [1:5]&#10;|       |   |--JAVADOC_INLINE_TAG_START -&gt; { [1:5]&#10;|       |   |--CODE_LITERAL -&gt; @code [1:6]&#10;|       |   |--WS -&gt;   [1:11]&#10;|       |   |--TEXT -&gt; Class [1:12]&#10;|       |   `--JAVADOC_INLINE_TAG_END -&gt; } [1:18]&#10;|       |--NEWLINE -&gt; \n [1:19]&#10;|       |--LEADING_ASTERISK -&gt; * [2:0]&#10;|       |--TEXT -&gt;   [2:1]&#10;|       `--P_TAG_END -&gt; P_TAG_END [2:2]&#10;|           |--START -&gt; &lt; [2:2]&#10;|           |--SLASH -&gt; / [2:3]&#10;|           |--P_HTML_TAG_NAME -&gt; p [2:4]&#10;|           `--END -&gt; &gt; [2:5]&#10;|--NEWLINE -&gt; \n [2:6]&#10;|--LEADING_ASTERISK -&gt; * [3:0]&#10;|--WS -&gt;   [3:1]&#10;|--JAVADOC_TAG -&gt; JAVADOC_TAG [3:2]&#10;|   |--SEE_LITERAL -&gt; @see [3:2]&#10;|   |--WS -&gt;   [3:6]&#10;|   `--REFERENCE -&gt; REFERENCE [3:7]&#10;|       `--PACKAGE_CLASS -&gt; something [3:7]&#10;`--EOF -&gt; &lt;EOF&gt; [3:16]]&#10;&gt; but was:&lt;...DOC -&gt; JAVADOC [0:0][&#10;|--LEADING_ASTERISK -&gt; * [0:0]&#10;|--TEXT -&gt;   [0:1]&#10;|--HTML_ELEMENT -&gt; HTML_ELEMENT [0:2]&#10;|   `--PARAGRAPH -&gt; PARAGRAPH [0:2]&#10;|       |--P_TAG_START -&gt; P_TAG_START [0:2]&#10;|       |   |--START -&gt; &lt; [0:2]&#10;|       |   |--P_HTML_TAG_NAME -&gt; p [0:3]&#10;|       |   `--END -&gt; &gt; [0:4]&#10;|       |--NEWLINE -&gt; \n [0:5]&#10;|       |--LEADING_ASTERISK -&gt; * [1:0]&#10;|       |--TEXT -&gt;  My  [1:1]&#10;|       |--JAVADOC_INLINE_TAG -&gt; JAVADOC_INLINE_TAG [1:5]&#10;|       |   |--JAVADOC_INLINE_TAG_START -&gt; { [1:5]&#10;|       |   |--CODE_LITERAL -&gt; @code [1:6]&#10;|       |   |--WS -&gt;   [1:11]&#10;|       |   |--TEXT -&gt; Class [1:12]&#10;|       |   `--JAVADOC_INLINE_TAG_END -&gt; } [1:18]&#10;|       |--NEWLINE -&gt; \n [1:19]&#10;|       |--LEADING_ASTERISK -&gt; * [2:0]&#10;|       |--TEXT -&gt;   [2:1]&#10;|       `--P_TAG_END -&gt; P_TAG_END [2:2]&#10;|           |--START -&gt; &lt; [2:2]&#10;|           |--SLASH -&gt; / [2:3]&#10;|           |--P_HTML_TAG_NAME -&gt; p [2:4]&#10;|           `--END -&gt; &gt; [2:5]&#10;|--NEWLINE -&gt; \n [2:6]&#10;|--LEADING_ASTERISK -&gt; * [3:0]&#10;|--WS -&gt;   [3:1]&#10;|--JAVADOC_TAG -&gt; JAVADOC_TAG [3:2]&#10;|   |--SEE_LITERAL -&gt; @see [3:2]&#10;|   |--WS -&gt;   [3:6]&#10;|   `--REFERENCE -&gt; REFERENCE [3:7]&#10;|       `--PACKAGE_CLASS -&gt; something [3:7]&#10;`--EOF -&gt; &lt;EOF&gt; [3:16]&#13;]&#10;&gt;" type="org.junit.ComparisonFailure"><![CDATA[org.junit.ComparisonFailure: 
Generated tree from the javadoc file should match the pre-defined tree expected:<...DOC -> JAVADOC [0:0][
|--LEADING_ASTERISK -> * [0:0]
|--TEXT ->   [0:1]
|--HTML_ELEMENT -> HTML_ELEMENT [0:2]
|   `--PARAGRAPH -> PARAGRAPH [0:2]
|       |--P_TAG_START -> P_TAG_START [0:2]
|       |   |--START -> < [0:2]
|       |   |--P_HTML_TAG_NAME -> p [0:3]
|       |   `--END -> > [0:4]
|       |--NEWLINE -> \n [0:5]
|       |--LEADING_ASTERISK -> * [1:0]
|       |--TEXT ->  My  [1:1]
|       |--JAVADOC_INLINE_TAG -> JAVADOC_INLINE_TAG [1:5]
|       |   |--JAVADOC_INLINE_TAG_START -> { [1:5]
|       |   |--CODE_LITERAL -> @code [1:6]
|       |   |--WS ->   [1:11]
|       |   |--TEXT -> Class [1:12]
|       |   `--JAVADOC_INLINE_TAG_END -> } [1:18]
|       |--NEWLINE -> \n [1:19]
|       |--LEADING_ASTERISK -> * [2:0]
|       |--TEXT ->   [2:1]
|       `--P_TAG_END -> P_TAG_END [2:2]
|           |--START -> < [2:2]
|           |--SLASH -> / [2:3]
|           |--P_HTML_TAG_NAME -> p [2:4]
|           `--END -> > [2:5]
|--NEWLINE -> \n [2:6]
|--LEADING_ASTERISK -> * [3:0]
|--WS ->   [3:1]
|--JAVADOC_TAG -> JAVADOC_TAG [3:2]
|   |--SEE_LITERAL -> @see [3:2]
|   |--WS ->   [3:6]
|   `--REFERENCE -> REFERENCE [3:7]
|       `--PACKAGE_CLASS -> something [3:7]
`--EOF -> <EOF> [3:16]]
> but was:<...DOC -> JAVADOC [0:0][
|--LEADING_ASTERISK -> * [0:0]
|--TEXT ->   [0:1]
|--HTML_ELEMENT -> HTML_ELEMENT [0:2]
|   `--PARAGRAPH -> PARAGRAPH [0:2]
|       |--P_TAG_START -> P_TAG_START [0:2]
|       |   |--START -> < [0:2]
|       |   |--P_HTML_TAG_NAME -> p [0:3]
|       |   `--END -> > [0:4]
|       |--NEWLINE -> \n [0:5]
|       |--LEADING_ASTERISK -> * [1:0]
|       |--TEXT ->  My  [1:1]
|       |--JAVADOC_INLINE_TAG -> JAVADOC_INLINE_TAG [1:5]
|       |   |--JAVADOC_INLINE_TAG_START -> { [1:5]
|       |   |--CODE_LITERAL -> @code [1:6]
|       |   |--WS ->   [1:11]
|       |   |--TEXT -> Class [1:12]
|       |   `--JAVADOC_INLINE_TAG_END -> } [1:18]
|       |--NEWLINE -> \n [1:19]
|       |--LEADING_ASTERISK -> * [2:0]
|       |--TEXT ->   [2:1]
|       `--P_TAG_END -> P_TAG_END [2:2]
|           |--START -> < [2:2]
|           |--SLASH -> / [2:3]
|           |--P_HTML_TAG_NAME -> p [2:4]
|           `--END -> > [2:5]
|--NEWLINE -> \n [2:6]
|--LEADING_ASTERISK -> * [3:0]
|--WS ->   [3:1]
|--JAVADOC_TAG -> JAVADOC_TAG [3:2]
|   |--SEE_LITERAL -> @see [3:2]
|   |--WS ->   [3:6]
|   `--REFERENCE -> REFERENCE [3:7]
|       `--PACKAGE_CLASS -> something [3:7]
`--EOF -> <EOF> [3:16]]
>
	at com.puppycrawl.tools.checkstyle.DetailNodeTreeStringPrinterTest.testNoUnnecessaryTextInJavadocAst(DetailNodeTreeStringPrinterTest.java:81)
]]></failure>
  </testcase>
  <testcase name="testIsProperUtilsClass" classname="com.puppycrawl.tools.checkstyle.DetailNodeTreeStringPrinterTest" time="0"/>
  <testcase name="testWrongSingletonParseErrorMessage" classname="com.puppycrawl.tools.checkstyle.DetailNodeTreeStringPrinterTest" time="0"/>
  <testcase name="testParseFile" classname="com.puppycrawl.tools.checkstyle.DetailNodeTreeStringPrinterTest" time="0">
    <failure message="Generated tree from the javadoc file should match the pre-defined tree expected:&lt;...DOC -&gt; JAVADOC [0:0][&#10;|--HTML_ELEMENT -&gt; HTML_ELEMENT [0:0]&#10;|   `--PARAGRAPH -&gt; PARAGRAPH [0:0]&#10;|       |--P_TAG_START -&gt; P_TAG_START [0:0]&#10;|       |   |--START -&gt; &lt; [0:0]&#10;|       |   |--P_HTML_TAG_NAME -&gt; p [0:1]&#10;|       |   `--END -&gt; &gt; [0:2]&#10;|       |--NEWLINE -&gt; \n [0:3]&#10;|       |--TEXT -&gt; My  [1:0]&#10;|       |--JAVADOC_INLINE_TAG -&gt; JAVADOC_INLINE_TAG [1:3]&#10;|       |   |--JAVADOC_INLINE_TAG_START -&gt; { [1:3]&#10;|       |   |--CODE_LITERAL -&gt; @code [1:4]&#10;|       |   |--WS -&gt;   [1:9]&#10;|       |   |--TEXT -&gt; Class [1:10]&#10;|       |   `--JAVADOC_INLINE_TAG_END -&gt; } [1:16]&#10;|       |--NEWLINE -&gt; \n [1:17]&#10;|       `--P_TAG_END -&gt; P_TAG_END [2:0]&#10;|           |--START -&gt; &lt; [2:0]&#10;|           |--SLASH -&gt; / [2:1]&#10;|           |--P_HTML_TAG_NAME -&gt; p [2:2]&#10;|           `--END -&gt; &gt; [2:3]&#10;|--NEWLINE -&gt; \n [2:4]&#10;|--JAVADOC_TAG -&gt; JAVADOC_TAG [3:0]&#10;|   |--SEE_LITERAL -&gt; @see [3:0]&#10;|   |--WS -&gt;   [3:4]&#10;|   `--REFERENCE -&gt; REFERENCE [3:5]&#10;|       `--PACKAGE_CLASS -&gt; never [3:5]&#10;`--EOF -&gt; &lt;EOF&gt; [3:10]]&#10;&gt; but was:&lt;...DOC -&gt; JAVADOC [0:0][&#10;|--HTML_ELEMENT -&gt; HTML_ELEMENT [0:0]&#10;|   `--PARAGRAPH -&gt; PARAGRAPH [0:0]&#10;|       |--P_TAG_START -&gt; P_TAG_START [0:0]&#10;|       |   |--START -&gt; &lt; [0:0]&#10;|       |   |--P_HTML_TAG_NAME -&gt; p [0:1]&#10;|       |   `--END -&gt; &gt; [0:2]&#10;|       |--NEWLINE -&gt; \n [0:3]&#10;|       |--TEXT -&gt; My  [1:0]&#10;|       |--JAVADOC_INLINE_TAG -&gt; JAVADOC_INLINE_TAG [1:3]&#10;|       |   |--JAVADOC_INLINE_TAG_START -&gt; { [1:3]&#10;|       |   |--CODE_LITERAL -&gt; @code [1:4]&#10;|       |   |--WS -&gt;   [1:9]&#10;|       |   |--TEXT -&gt; Class [1:10]&#10;|       |   `--JAVADOC_INLINE_TAG_END -&gt; } [1:16]&#10;|       |--NEWLINE -&gt; \n [1:17]&#10;|       `--P_TAG_END -&gt; P_TAG_END [2:0]&#10;|           |--START -&gt; &lt; [2:0]&#10;|           |--SLASH -&gt; / [2:1]&#10;|           |--P_HTML_TAG_NAME -&gt; p [2:2]&#10;|           `--END -&gt; &gt; [2:3]&#10;|--NEWLINE -&gt; \n [2:4]&#10;|--JAVADOC_TAG -&gt; JAVADOC_TAG [3:0]&#10;|   |--SEE_LITERAL -&gt; @see [3:0]&#10;|   |--WS -&gt;   [3:4]&#10;|   `--REFERENCE -&gt; REFERENCE [3:5]&#10;|       `--PACKAGE_CLASS -&gt; never [3:5]&#10;`--EOF -&gt; &lt;EOF&gt; [3:10]&#13;]&#10;&gt;" type="org.junit.ComparisonFailure"><![CDATA[org.junit.ComparisonFailure: 
Generated tree from the javadoc file should match the pre-defined tree expected:<...DOC -> JAVADOC [0:0][
|--HTML_ELEMENT -> HTML_ELEMENT [0:0]
|   `--PARAGRAPH -> PARAGRAPH [0:0]
|       |--P_TAG_START -> P_TAG_START [0:0]
|       |   |--START -> < [0:0]
|       |   |--P_HTML_TAG_NAME -> p [0:1]
|       |   `--END -> > [0:2]
|       |--NEWLINE -> \n [0:3]
|       |--TEXT -> My  [1:0]
|       |--JAVADOC_INLINE_TAG -> JAVADOC_INLINE_TAG [1:3]
|       |   |--JAVADOC_INLINE_TAG_START -> { [1:3]
|       |   |--CODE_LITERAL -> @code [1:4]
|       |   |--WS ->   [1:9]
|       |   |--TEXT -> Class [1:10]
|       |   `--JAVADOC_INLINE_TAG_END -> } [1:16]
|       |--NEWLINE -> \n [1:17]
|       `--P_TAG_END -> P_TAG_END [2:0]
|           |--START -> < [2:0]
|           |--SLASH -> / [2:1]
|           |--P_HTML_TAG_NAME -> p [2:2]
|           `--END -> > [2:3]
|--NEWLINE -> \n [2:4]
|--JAVADOC_TAG -> JAVADOC_TAG [3:0]
|   |--SEE_LITERAL -> @see [3:0]
|   |--WS ->   [3:4]
|   `--REFERENCE -> REFERENCE [3:5]
|       `--PACKAGE_CLASS -> never [3:5]
`--EOF -> <EOF> [3:10]]
> but was:<...DOC -> JAVADOC [0:0][
|--HTML_ELEMENT -> HTML_ELEMENT [0:0]
|   `--PARAGRAPH -> PARAGRAPH [0:0]
|       |--P_TAG_START -> P_TAG_START [0:0]
|       |   |--START -> < [0:0]
|       |   |--P_HTML_TAG_NAME -> p [0:1]
|       |   `--END -> > [0:2]
|       |--NEWLINE -> \n [0:3]
|       |--TEXT -> My  [1:0]
|       |--JAVADOC_INLINE_TAG -> JAVADOC_INLINE_TAG [1:3]
|       |   |--JAVADOC_INLINE_TAG_START -> { [1:3]
|       |   |--CODE_LITERAL -> @code [1:4]
|       |   |--WS ->   [1:9]
|       |   |--TEXT -> Class [1:10]
|       |   `--JAVADOC_INLINE_TAG_END -> } [1:16]
|       |--NEWLINE -> \n [1:17]
|       `--P_TAG_END -> P_TAG_END [2:0]
|           |--START -> < [2:0]
|           |--SLASH -> / [2:1]
|           |--P_HTML_TAG_NAME -> p [2:2]
|           `--END -> > [2:3]
|--NEWLINE -> \n [2:4]
|--JAVADOC_TAG -> JAVADOC_TAG [3:0]
|   |--SEE_LITERAL -> @see [3:0]
|   |--WS ->   [3:4]
|   `--REFERENCE -> REFERENCE [3:5]
|       `--PACKAGE_CLASS -> never [3:5]
`--EOF -> <EOF> [3:10]]
>
	at com.puppycrawl.tools.checkstyle.DetailNodeTreeStringPrinterTest.testParseFile(DetailNodeTreeStringPrinterTest.java:60)
]]></failure>
  </testcase>
  <testcase name="testNoViableAltException" classname="com.puppycrawl.tools.checkstyle.DetailNodeTreeStringPrinterTest" time="0"/>
  <testcase name="testMissedHtmlTagParseErrorMessage" classname="com.puppycrawl.tools.checkstyle.DetailNodeTreeStringPrinterTest" time="0"/>
  <testcase name="testParseErrorMessage" classname="com.puppycrawl.tools.checkstyle.DetailNodeTreeStringPrinterTest" time="0"/>
  <testcase name="testHtmlTagCloseBeforeTagOpen" classname="com.puppycrawl.tools.checkstyle.DetailNodeTreeStringPrinterTest" time="0"/>
  <testcase name="testParseFileWithError" classname="com.puppycrawl.tools.checkstyle.DetailNodeTreeStringPrinterTest" time="0"/>
  <testcase name="testOmittedStartTagForHtmlElement" classname="com.puppycrawl.tools.checkstyle.DetailNodeTreeStringPrinterTest" time="0"/>
  <testcase name="testWrongHtmlTagOrder" classname="com.puppycrawl.tools.checkstyle.DetailNodeTreeStringPrinterTest" time="0"/>
</testsuite>