GROUP,PACKAGE,CLASS,INSTRUCTION_MISSED,INSTRUCTION_COVERED,BRANCH_MISSED,BRANCH_COVERED,LINE_MISSED,LINE_COVERED,COMPLEXITY_MISSED,COMPLEXITY_COVERED,METHOD_MISSED,METHOD_COVERED
Commons IO,org.apache.commons.io.monitor,FileEntry,51,121,9,13,16,26,18,13,10,10
Commons IO,org.apache.commons.io.monitor,FileAlterationListenerAdaptor,0,11,0,0,0,9,0,9,0,9
Commons IO,org.apache.commons.io.monitor,FileAlterationMonitor,5,176,0,26,3,52,0,24,0,11
Commons IO,org.apache.commons.io.monitor,FileAlterationObserver,61,519,12,62,10,113,12,46,2,19
Commons IO,org.apache.commons.io.input,ClosedInputStream,0,10,0,0,0,3,0,3,0,3
Commons IO,org.apache.commons.io.input,CountingInputStream,0,86,0,6,0,20,0,10,0,7
Commons IO,org.apache.commons.io.input,CharSequenceReader,43,127,5,15,4,33,6,13,1,8
Commons IO,org.apache.commons.io.input,AutoCloseInputStream,5,19,0,2,3,8,1,4,1,3
Commons IO,org.apache.commons.io.input,SwappedDataInputStream,4,98,1,5,1,25,1,18,0,16
Commons IO,org.apache.commons.io.input,XmlStreamReader,111,940,12,122,25,161,14,77,5,19
Commons IO,org.apache.commons.io.input,ProxyReader,102,51,4,2,41,16,11,6,8,6
Commons IO,org.apache.commons.io.input,BrokenInputStream,7,21,0,0,2,8,1,6,1,6
Commons IO,org.apache.commons.io.input,TaggedInputStream,0,24,0,0,0,7,0,4,0,4
Commons IO,org.apache.commons.io.input,ReaderInputStream,4,186,1,21,2,41,2,18,1,8
Commons IO,org.apache.commons.io.input,CloseShieldInputStream,0,10,0,0,0,4,0,2,0,2
Commons IO,org.apache.commons.io.input,BoundedInputStream,84,107,9,11,21,23,14,10,9,5
Commons IO,org.apache.commons.io.input,NullReader,5,253,0,26,2,61,2,26,2,13
Commons IO,org.apache.commons.io.input,TailerListenerAdapter,8,0,0,0,6,0,6,0,6,0
Commons IO,org.apache.commons.io.input,BOMInputStream,0,345,0,58,0,72,0,46,0,17
Commons IO,org.apache.commons.io.input,XmlStreamReaderException,0,43,0,0,0,14,0,7,0,7
Commons IO,org.apache.commons.io.input,Tailer,55,166,1,17,14,58,7,13,6,5
Commons IO,org.apache.commons.io.input,ClassLoaderObjectInputStream,4,18,1,1,1,6,1,2,0,2
Commons IO,org.apache.commons.io.input,NullInputStream,7,272,1,29,3,66,3,28,2,14
Commons IO,org.apache.commons.io.input,DemuxInputStream,13,30,3,1,5,8,3,3,1,3
Commons IO,org.apache.commons.io.input,ProxyInputStream,38,85,1,3,17,30,2,13,1,12
Commons IO,org.apache.commons.io.input,TeeInputStream,19,60,4,6,4,18,3,8,1,5
Commons IO,org.apache.commons.io.output,ProxyOutputStream,17,66,0,2,7,30,0,10,0,9
Commons IO,org.apache.commons.io.output,XmlStreamWriter,48,167,8,16,11,42,10,13,3,8
Commons IO,org.apache.commons.io.output,NullOutputStream,0,11,0,0,0,5,0,5,0,5
Commons IO,org.apache.commons.io.output,TeeOutputStream,12,35,0,0,6,12,2,4,2,4
Commons IO,org.apache.commons.io.output,ClosedOutputStream,0,22,0,0,0,3,0,3,0,3
Commons IO,org.apache.commons.io.output,NullWriter,4,17,0,0,2,11,2,10,2,10
Commons IO,org.apache.commons.io.output,ByteArrayOutputStream,30,454,10,34,3,106,10,28,0,16
Commons IO,org.apache.commons.io.output,CountingOutputStream,0,74,0,4,0,17,0,8,0,6
Commons IO,org.apache.commons.io.output,ThresholdingOutputStream,28,81,0,6,10,22,4,10,4,7
Commons IO,org.apache.commons.io.output,TaggedOutputStream,0,24,0,0,0,7,0,4,0,4
Commons IO,org.apache.commons.io.output,FileWriterWithEncoding,141,78,5,7,39,29,18,8,14,6
Commons IO,org.apache.commons.io.output,ProxyWriter,98,93,0,6,42,38,6,11,6,8
Commons IO,org.apache.commons.io.output,CloseShieldOutputStream,0,10,0,0,0,4,0,2,0,2
Commons IO,org.apache.commons.io.output,BrokenOutputStream,7,15,0,0,2,6,1,4,1,4
Commons IO,org.apache.commons.io.output,DeferredFileOutputStream,5,138,0,12,0,40,0,16,0,10
Commons IO,org.apache.commons.io.output,LockableFileWriter,122,167,6,12,34,48,16,11,11,7
Commons IO,org.apache.commons.io.output,WriterOutputStream,19,165,2,8,5,47,4,13,2,10
Commons IO,org.apache.commons.io.output,StringBuilderWriter,1,78,2,4,1,24,3,12,1,11
Commons IO,org.apache.commons.io.output,DemuxOutputStream,22,31,5,1,8,9,5,3,2,3
Commons IO,org.apache.commons.io,FileExistsException,16,4,0,0,4,2,2,1,2,1
Commons IO,org.apache.commons.io,DirectoryWalker,1,220,0,26,1,56,1,28,1,15
Commons IO,org.apache.commons.io,EndianUtils,0,819,0,4,0,87,0,33,0,31
Commons IO,org.apache.commons.io,FileUtils,641,1973,80,272,95,446,71,182,6,71
Commons IO,org.apache.commons.io,ByteOrderMark,0,249,0,24,0,44,0,21,0,9
Commons IO,org.apache.commons.io,FilenameUtils,11,1276,8,288,5,293,9,178,1,38
Commons IO,org.apache.commons.io,FileSystemUtils,140,612,33,62,27,122,23,40,2,12
Commons IO,org.apache.commons.io,IOCase,2,189,1,31,0,34,1,28,0,13
Commons IO,org.apache.commons.io,DirectoryWalker.CancelException,0,22,0,0,0,8,0,4,0,4
Commons IO,org.apache.commons.io,FileCleaningTracker.Reaper,0,50,0,6,0,15,0,5,0,2
Commons IO,org.apache.commons.io,LineIterator,0,107,0,16,0,38,0,16,0,8
Commons IO,org.apache.commons.io,ThreadMonitor,0,53,0,4,0,20,0,7,0,5
Commons IO,org.apache.commons.io,FileCleaningTracker.Tracker,0,27,0,2,0,6,0,4,0,3
Commons IO,org.apache.commons.io,FileCleaner,31,7,0,0,12,2,7,2,7,2
Commons IO,org.apache.commons.io,FileDeleteStrategy.ForceFileDeleteStrategy,0,8,0,0,0,4,0,2,0,2
Commons IO,org.apache.commons.io,FileDeleteStrategy,3,62,0,8,2,13,0,10,0,6
Commons IO,org.apache.commons.io,IOUtils,139,764,30,102,44,226,29,99,10,52
Commons IO,org.apache.commons.io,IOExceptionWithCause,2,19,1,1,0,6,1,2,0,2
Commons IO,org.apache.commons.io,HexDump,3,297,0,24,2,37,1,16,1,4
Commons IO,org.apache.commons.io,FileCleaningTracker,8,119,1,9,1,32,2,12,1,8
Commons IO,org.apache.commons.io,TaggedIOException,3,37,1,7,1,9,2,7,1,4
Commons IO,org.apache.commons.io,CopyUtils,0,132,0,4,0,40,0,13,0,11
Commons IO,org.apache.commons.io.filefilter,AbstractFileFilter,0,22,0,0,0,4,0,4,0,4
Commons IO,org.apache.commons.io.filefilter,PrefixFileFilter,51,146,9,17,10,34,7,15,1,8
Commons IO,org.apache.commons.io.filefilter,HiddenFileFilter,0,16,0,0,0,5,0,3,0,3
Commons IO,org.apache.commons.io.filefilter,DelegateFileFilter,30,53,3,7,3,17,3,7,1,4
Commons IO,org.apache.commons.io.filefilter,WildcardFileFilter,46,151,7,19,10,34,5,17,1,8
Commons IO,org.apache.commons.io.filefilter,TrueFileFilter,0,14,0,0,0,6,0,4,0,4
Commons IO,org.apache.commons.io.filefilter,RegexFileFilter,0,72,2,10,0,24,2,9,0,5
Commons IO,org.apache.commons.io.filefilter,NotFileFilter,16,32,0,6,1,7,1,6,1,3
Commons IO,org.apache.commons.io.filefilter,SizeFileFilter,24,44,2,8,2,10,2,7,1,3
Commons IO,org.apache.commons.io.filefilter,SuffixFileFilter,51,146,9,17,10,34,7,15,1,8
Commons IO,org.apache.commons.io.filefilter,AndFileFilter,61,117,9,17,14,33,7,16,2,8
Commons IO,org.apache.commons.io.filefilter,MagicNumberFileFilter,73,108,8,12,15,30,9,7,1,5
Commons IO,org.apache.commons.io.filefilter,WildcardFilter,4,122,2,18,2,26,2,13,0,5
Commons IO,org.apache.commons.io.filefilter,FileFileFilter,0,11,0,0,0,4,0,3,0,3
Commons IO,org.apache.commons.io.filefilter,AgeFileFilter,24,52,2,4,2,16,2,9,1,7
Commons IO,org.apache.commons.io.filefilter,DirectoryFileFilter,0,13,0,0,0,5,0,3,0,3
Commons IO,org.apache.commons.io.filefilter,FalseFileFilter,0,14,0,0,0,6,0,4,0,4
Commons IO,org.apache.commons.io.filefilter,CanWriteFileFilter,0,16,0,0,0,5,0,3,0,3
Commons IO,org.apache.commons.io.filefilter,FileFilterUtils,44,388,2,32,8,79,7,54,5,39
Commons IO,org.apache.commons.io.filefilter,OrFileFilter,52,114,9,13,11,32,6,15,1,9
Commons IO,org.apache.commons.io.filefilter,CanReadFileFilter,0,22,0,0,0,6,0,3,0,3
Commons IO,org.apache.commons.io.filefilter,EmptyFileFilter,0,37,1,7,0,8,1,6,0,3
Commons IO,org.apache.commons.io.filefilter,NameFileFilter,46,151,7,19,10,34,5,17,1,8
Commons IO,org.apache.commons.io.comparator,NameFileComparator,0,69,0,2,0,14,0,6,0,5
Commons IO,org.apache.commons.io.comparator,CompositeFileComparator,0,137,0,14,0,31,0,12,0,5
Commons IO,org.apache.commons.io.comparator,DirectoryFileComparator,0,28,0,2,0,7,0,5,0,4
Commons IO,org.apache.commons.io.comparator,DefaultFileComparator,0,17,0,0,0,4,0,3,0,3
Commons IO,org.apache.commons.io.comparator,SizeFileComparator,0,105,2,14,0,25,2,11,0,5
Commons IO,org.apache.commons.io.comparator,LastModifiedFileComparator,0,33,0,4,0,9,0,5,0,3
Commons IO,org.apache.commons.io.comparator,ReverseComparator,5,30,1,1,1,6,1,3,0,3
Commons IO,org.apache.commons.io.comparator,PathFileComparator,0,69,0,2,0,14,0,6,0,5
Commons IO,org.apache.commons.io.comparator,AbstractFileComparator,0,21,0,4,0,8,0,6,0,4
Commons IO,org.apache.commons.io.comparator,ExtensionFileComparator,0,75,0,2,0,16,0,6,0,5
