GROUP,PACKAGE,CLASS,INSTRUCTION_MISSED,INSTRUCTION_COVERED,BRANCH_MISSED,BRANCH_COVERED,LINE_MISSED,LINE_COVERED,COMPLEXITY_MISSED,COMPLEXITY_COVERED,METHOD_MISSED,METHOD_COVERED
Apache Log4j,org.apache.log4j.nt,NTEventLogAppender,214,0,16,0,65,0,22,0,14,0
Apache Log4j,org.apache.log4j.net,SocketHubAppender,294,0,30,0,94,0,34,0,19,0
Apache Log4j,org.apache.log4j.net,SocketAppender,415,0,40,0,122,0,43,0,23,0
Apache Log4j,org.apache.log4j.net,JMSSink,214,0,12,0,56,0,12,0,6,0
Apache Log4j,org.apache.log4j.net,SocketNode,163,0,10,0,45,0,8,0,3,0
Apache Log4j,org.apache.log4j.net,SocketServer,329,0,18,0,64,0,16,0,7,0
Apache Log4j,org.apache.log4j.net,DefaultEvaluator,8,0,0,0,2,0,2,0,2,0
Apache Log4j,org.apache.log4j.net,JMSAppender,474,0,30,0,121,0,45,0,30,0
Apache Log4j,org.apache.log4j.net,TelnetAppender,104,0,10,0,36,0,12,0,7,0
Apache Log4j,org.apache.log4j.net,SMTPAppender.new Authenticator() {...},16,0,0,0,2,0,2,0,2,0
Apache Log4j,org.apache.log4j.net,ZeroConfSupport,463,0,16,0,123,0,19,0,11,0
Apache Log4j,org.apache.log4j.net,TelnetAppender.SocketHandler,203,0,16,0,61,0,13,0,5,0
Apache Log4j,org.apache.log4j.net,SocketHubAppender.ServerMonitor,240,0,22,0,74,0,15,0,4,0
Apache Log4j,org.apache.log4j.net,SocketAppender.Connector,105,0,4,0,22,0,4,0,2,0
Apache Log4j,org.apache.log4j.net,SyslogAppender,781,0,139,0,208,0,104,0,25,0
Apache Log4j,org.apache.log4j.net,SimpleSocketServer,139,0,8,0,31,0,9,0,5,0
Apache Log4j,org.apache.log4j.net,SMTPAppender,804,0,88,0,213,0,92,0,48,0
Apache Log4j,org.apache.log4j.or.sax,AttributesRenderer,60,0,6,0,18,0,5,0,2,0
Apache Log4j,org.apache.log4j.jdbc,JDBCAppender,276,0,18,0,89,0,32,0,23,0
Apache Log4j,org.apache.log4j.pattern,FormattingInfo,168,0,12,0,36,0,15,0,9,0
Apache Log4j,org.apache.log4j.pattern,LiteralPatternConverter,20,0,0,0,7,0,3,0,3,0
Apache Log4j,org.apache.log4j.pattern,LevelPatternConverter,55,0,9,0,17,0,12,0,5,0
Apache Log4j,org.apache.log4j.pattern,FileDatePatternConverter,16,0,4,0,3,0,3,0,1,0
Apache Log4j,org.apache.log4j.pattern,LineSeparatorPatternConverter,27,0,0,0,9,0,5,0,5,0
Apache Log4j,org.apache.log4j.pattern,NameAbbreviator.PatternAbbreviatorFragment,50,0,6,0,14,0,5,0,2,0
Apache Log4j,org.apache.log4j.pattern,PatternParser,1119,0,146,0,230,0,84,0,8,0
Apache Log4j,org.apache.log4j.pattern,CachedDateFormat,352,0,42,0,78,0,30,0,9,0
Apache Log4j,org.apache.log4j.pattern,NameAbbreviator,153,0,34,0,44,0,21,0,4,0
Apache Log4j,org.apache.log4j.pattern,NameAbbreviator.NOPAbbreviator,4,0,0,0,3,0,2,0,2,0
Apache Log4j,org.apache.log4j.pattern,FileLocationPatternConverter,23,0,2,0,8,0,5,0,4,0
Apache Log4j,org.apache.log4j.pattern,DatePatternConverter,146,0,18,0,40,0,14,0,5,0
Apache Log4j,org.apache.log4j.pattern,FullLocationPatternConverter,23,0,2,0,8,0,5,0,4,0
Apache Log4j,org.apache.log4j.pattern,RelativeTimePatternConverter.CachedTimestamp,23,0,2,0,8,0,3,0,2,0
Apache Log4j,org.apache.log4j.pattern,LineLocationPatternConverter,23,0,2,0,8,0,5,0,4,0
Apache Log4j,org.apache.log4j.pattern,RelativeTimePatternConverter,42,0,2,0,11,0,4,0,3,0
Apache Log4j,org.apache.log4j.pattern,ThrowableInformationPatternConverter,96,0,18,0,26,0,13,0,4,0
Apache Log4j,org.apache.log4j.pattern,LoggerPatternConverter,37,0,4,0,10,0,6,0,4,0
Apache Log4j,org.apache.log4j.pattern,LogEvent,481,0,56,0,141,0,55,0,27,0
Apache Log4j,org.apache.log4j.pattern,PatternParser.ReadOnlyMap,57,0,0,0,15,0,13,0,13,0
Apache Log4j,org.apache.log4j.pattern,PropertiesPatternConverter,104,0,16,0,23,0,11,0,3,0
Apache Log4j,org.apache.log4j.pattern,MessagePatternConverter,18,0,0,0,6,0,4,0,4,0
Apache Log4j,org.apache.log4j.pattern,SequenceNumberPatternConverter,17,0,0,0,6,0,4,0,4,0
Apache Log4j,org.apache.log4j.pattern,NameAbbreviator.MaxElementAbbreviator,43,0,6,0,11,0,5,0,2,0
Apache Log4j,org.apache.log4j.pattern,ThreadPatternConverter,18,0,0,0,6,0,4,0,4,0
Apache Log4j,org.apache.log4j.pattern,IntegerPatternConverter,31,0,4,0,9,0,6,0,4,0
Apache Log4j,org.apache.log4j.pattern,NDCPatternConverter,18,0,0,0,6,0,4,0,4,0
Apache Log4j,org.apache.log4j.pattern,NameAbbreviator.PatternAbbreviator,68,0,10,0,14,0,7,0,2,0
Apache Log4j,org.apache.log4j.pattern,LoggingEventPatternConverter,16,0,2,0,6,0,4,0,3,0
Apache Log4j,org.apache.log4j.pattern,ClassNamePatternConverter,34,0,2,0,10,0,4,0,3,0
Apache Log4j,org.apache.log4j.pattern,BridgePatternParser,10,0,0,0,3,0,2,0,2,0
Apache Log4j,org.apache.log4j.pattern,BridgePatternConverter,140,0,10,0,34,0,9,0,4,0
Apache Log4j,org.apache.log4j.pattern,PatternConverter,15,0,0,0,6,0,3,0,3,0
Apache Log4j,org.apache.log4j.pattern,DatePatternConverter.DefaultZoneDateFormat,27,0,0,0,7,0,3,0,3,0
Apache Log4j,org.apache.log4j.pattern,NameAbbreviator.DropElementAbbreviator,37,0,4,0,11,0,4,0,2,0
Apache Log4j,org.apache.log4j.pattern,NamePatternConverter,26,0,4,0,7,0,4,0,2,0
Apache Log4j,org.apache.log4j.pattern,MethodLocationPatternConverter,23,0,2,0,8,0,5,0,4,0
Apache Log4j,org.apache.log4j.helpers,CyclicBuffer,28,206,2,26,2,47,2,19,0,7
Apache Log4j,org.apache.log4j.helpers,SyslogWriter,173,0,22,0,44,0,16,0,5,0
Apache Log4j,org.apache.log4j.helpers,FileWatchdog,44,63,5,3,12,23,4,4,0,4
Apache Log4j,org.apache.log4j.helpers,RelativeTimeDateFormat,2,14,0,0,1,4,1,2,1,2
Apache Log4j,org.apache.log4j.helpers,PatternParser,138,526,17,59,22,136,16,38,0,7
Apache Log4j,org.apache.log4j.helpers,PatternParser.DatePatternConverter,4,28,0,0,2,9,0,2,0,2
Apache Log4j,org.apache.log4j.helpers,ThreadLocalMap,10,3,2,0,4,1,2,1,1,1
Apache Log4j,org.apache.log4j.helpers,PatternParser.ClassNamePatternConverter,0,12,0,0,0,4,0,2,0,2
Apache Log4j,org.apache.log4j.helpers,PatternParser.LiteralPatternConverter,3,12,0,0,1,5,1,2,1,2
Apache Log4j,org.apache.log4j.helpers,OptionConverter,596,268,62,30,123,68,43,17,4,10
Apache Log4j,org.apache.log4j.helpers,PatternConverter,13,150,2,14,3,30,2,11,0,5
Apache Log4j,org.apache.log4j.helpers,QuietWriter,28,26,2,2,5,13,2,4,0,4
Apache Log4j,org.apache.log4j.helpers,MDCKeySetExtractor,120,0,14,0,28,0,10,0,3,0
Apache Log4j,org.apache.log4j.helpers,SyslogQuietWriter,35,0,0,0,9,0,4,0,4,0
Apache Log4j,org.apache.log4j.helpers,AppenderAttachableImpl,19,179,19,25,8,46,19,12,0,9
Apache Log4j,org.apache.log4j.helpers,BoundedFIFO,42,192,7,19,4,45,7,16,3,7
Apache Log4j,org.apache.log4j.helpers,AbsoluteTimeDateFormat,2,140,2,12,1,37,3,9,1,4
Apache Log4j,org.apache.log4j.helpers,FormattingInfo,21,22,0,0,2,8,1,2,1,2
Apache Log4j,org.apache.log4j.helpers,PatternParser.BasicPatternConverter,5,26,2,4,2,8,2,5,0,2
Apache Log4j,org.apache.log4j.helpers,DateTimeDateFormat,2,73,0,2,1,18,1,4,1,3
Apache Log4j,org.apache.log4j.helpers,PatternParser.CategoryPatternConverter,0,11,0,0,0,4,0,2,0,2
Apache Log4j,org.apache.log4j.helpers,DateLayout,0,178,4,20,0,45,4,19,0,11
Apache Log4j,org.apache.log4j.helpers,OnlyOnceErrorHandler,38,12,8,0,16,4,11,1,7,1
Apache Log4j,org.apache.log4j.helpers,UtilLoggingLevel,167,0,24,0,47,0,22,0,7,0
Apache Log4j,org.apache.log4j.helpers,PatternParser.LocationPatternConverter,2,28,1,4,1,10,1,5,0,2
Apache Log4j,org.apache.log4j.helpers,Loader,60,145,20,16,24,34,18,7,2,5
Apache Log4j,org.apache.log4j.helpers,Transform,4,152,5,27,2,38,6,14,1,3
Apache Log4j,org.apache.log4j.helpers,ISO8601DateFormat,34,178,12,17,12,46,13,12,1,4
Apache Log4j,org.apache.log4j.helpers,NullEnumeration,4,9,0,0,1,3,1,3,1,3
Apache Log4j,org.apache.log4j.helpers,CountingQuietWriter,7,26,0,0,2,9,0,4,0,4
Apache Log4j,org.apache.log4j.helpers,LogLog,51,78,17,9,18,23,16,7,4,6
Apache Log4j,org.apache.log4j.helpers,PatternParser.NamedPatternConverter,0,49,0,6,0,13,0,5,0,2
Apache Log4j,org.apache.log4j.helpers,PatternParser.MDCPatternConverter,0,80,0,8,0,21,0,6,0,2
Apache Log4j,org.apache.log4j.or.jms,MessageRenderer,126,0,5,0,35,0,5,0,2,0
Apache Log4j,org.apache.log4j.rewrite,RewriteAppender,192,0,18,0,58,0,22,0,13,0
Apache Log4j,org.apache.log4j.rewrite,MapRewritePolicy,81,0,10,0,24,0,7,0,2,0
Apache Log4j,org.apache.log4j.rewrite,PropertyRewritePolicy,116,0,10,0,32,0,8,0,3,0
Apache Log4j,org.apache.log4j.rewrite,ReflectionRewritePolicy,119,0,12,0,31,0,8,0,2,0
Apache Log4j,org.apache.log4j.spi,LocationInfo,285,291,48,22,75,78,31,12,0,8
Apache Log4j,org.apache.log4j.spi,NOPLogger,64,0,0,0,42,0,38,0,38,0
Apache Log4j,org.apache.log4j.spi,LoggingEvent,355,187,40,24,103,55,36,25,14,15
Apache Log4j,org.apache.log4j.spi,ThrowableInformation,26,42,5,5,9,13,7,3,3,2
Apache Log4j,org.apache.log4j.spi,DefaultRepositorySelector,0,9,0,0,0,4,0,2,0,2
Apache Log4j,org.apache.log4j.spi,Filter,0,11,0,0,0,5,0,4,0,4
Apache Log4j,org.apache.log4j.spi,VectorWriter,106,0,2,0,28,0,13,0,12,0
Apache Log4j,org.apache.log4j.spi,RootCategory,26,0,2,0,10,0,5,0,4,0
Apache Log4j,org.apache.log4j.spi,RootLogger,9,13,1,1,2,6,2,2,1,2
Apache Log4j,org.apache.log4j.spi,NOPLoggerRepository,42,0,0,0,16,0,16,0,16,0
Apache Log4j,org.apache.log4j.spi,NullWriter,6,0,0,0,4,0,4,0,4,0
Apache Log4j,org.apache.log4j,CategoryKey,4,36,3,5,2,8,3,4,0,3
Apache Log4j,org.apache.log4j,Layout,0,16,0,0,0,6,0,5,0,5
Apache Log4j,org.apache.log4j,LogManager,121,81,17,5,34,24,17,7,6,7
Apache Log4j,org.apache.log4j,LogMF,1537,0,246,0,406,0,221,0,98,0
Apache Log4j,org.apache.log4j,EnhancedPatternLayout,110,0,14,0,29,0,15,0,8,0
Apache Log4j,org.apache.log4j,ConsoleAppender,98,29,9,3,26,11,13,3,7,3
Apache Log4j,org.apache.log4j,DefaultThrowableRenderer,18,52,2,2,8,16,3,2,2,1
Apache Log4j,org.apache.log4j,PropertyConfigurator,565,745,80,58,112,176,60,30,3,18
Apache Log4j,org.apache.log4j,ConsoleAppender.SystemOutStream,21,0,0,0,11,0,6,0,6,0
Apache Log4j,org.apache.log4j,SortedKeyEnumeration,31,25,5,1,7,7,4,2,1,2
Apache Log4j,org.apache.log4j,Priority,0,135,0,6,0,28,0,16,0,13
Apache Log4j,org.apache.log4j,RollingCalendar,0,172,0,9,0,50,0,12,0,5
Apache Log4j,org.apache.log4j,Category,204,516,62,78,67,140,67,58,19,36
Apache Log4j,org.apache.log4j,TTCCLayout,0,158,3,5,0,40,3,11,0,10
Apache Log4j,org.apache.log4j,BasicConfigurator,21,2,0,0,8,2,3,1,3,1
Apache Log4j,org.apache.log4j,AsyncAppender.Dispatcher,134,0,18,0,37,0,11,0,2,0
Apache Log4j,org.apache.log4j,Dispatcher,113,0,12,0,33,0,9,0,3,0
Apache Log4j,org.apache.log4j,DefaultCategoryFactory,0,8,0,0,0,3,0,2,0,2
Apache Log4j,org.apache.log4j,PatternLayout,2,85,1,5,0,25,1,10,0,8
Apache Log4j,org.apache.log4j,PropertyWatchdog,12,0,0,0,5,0,2,0,2,0
Apache Log4j,org.apache.log4j,NDC.DiagnosticContext,0,25,0,2,0,6,0,2,0,1
Apache Log4j,org.apache.log4j,AsyncAppender,383,0,32,0,110,0,33,0,17,0
Apache Log4j,org.apache.log4j,SimpleLayout,1,42,0,0,1,10,1,3,1,3
Apache Log4j,org.apache.log4j,NDC,165,90,32,12,52,26,25,10,7,6
Apache Log4j,org.apache.log4j,FileAppender,99,194,9,9,23,57,13,13,6,11
Apache Log4j,org.apache.log4j,HTMLLayout,1,742,2,18,1,105,2,21,0,13
Apache Log4j,org.apache.log4j,Hierarchy,74,478,9,41,22,134,16,36,8,19
Apache Log4j,org.apache.log4j,LogXF,452,0,30,0,69,0,37,0,22,0
Apache Log4j,org.apache.log4j,WriterAppender,122,165,19,25,33,61,20,23,5,16
Apache Log4j,org.apache.log4j,RollingFileAppender,48,306,9,23,10,58,7,21,0,12
Apache Log4j,org.apache.log4j,Level,10,197,5,30,4,55,5,25,0,9
Apache Log4j,org.apache.log4j,LogSF,1310,0,202,0,345,0,195,0,94,0
Apache Log4j,org.apache.log4j,MDC,14,177,21,27,8,50,21,15,0,12
Apache Log4j,org.apache.log4j,EnhancedThrowableRenderer,233,0,26,0,62,0,17,0,4,0
Apache Log4j,org.apache.log4j,ProvisionNode,0,6,0,0,0,3,0,1,0,1
Apache Log4j,org.apache.log4j,AppenderSkeleton,59,100,8,12,15,34,13,16,7,11
Apache Log4j,org.apache.log4j,AsyncAppender.DiscardSummary,60,0,2,0,14,0,4,0,3,0
Apache Log4j,org.apache.log4j,Logger,9,67,4,8,4,16,5,10,1,8
Apache Log4j,org.apache.log4j,DailyRollingFileAppender,24,411,5,28,6,82,4,25,0,10
Apache Log4j,org.apache.log4j,ConsoleAppender.SystemErrStream,21,0,0,0,11,0,6,0,6,0
Apache Log4j,org.apache.log4j,NameValue,22,0,0,0,5,0,2,0,2,0
Apache Log4j,org.apache.log4j.config,PropertySetter,238,313,28,44,39,74,21,24,0,9
Apache Log4j,org.apache.log4j.config,PropertyPrinter,337,0,44,0,63,0,33,0,11,0
Apache Log4j,org.apache.log4j.config,PropertyGetter,165,0,26,0,37,0,18,0,5,0
Apache Log4j,org.apache.log4j.config,PropertySetterException,24,0,4,0,9,0,5,0,3,0
Apache Log4j,org.apache.log4j.jmx,MethodUnion,9,0,0,0,4,0,1,0,1,0
Apache Log4j,org.apache.log4j.jmx,LoggerDynamicMBean,542,0,30,0,97,0,28,0,13,0
Apache Log4j,org.apache.log4j.jmx,AbstractDynamicMBean,236,0,18,0,59,0,18,0,9,0
Apache Log4j,org.apache.log4j.jmx,AppenderDynamicMBean,724,0,66,0,130,0,44,0,11,0
Apache Log4j,org.apache.log4j.jmx,Agent,147,0,10,0,47,0,10,0,5,0
Apache Log4j,org.apache.log4j.jmx,LayoutDynamicMBean,476,0,54,0,93,0,36,0,9,0
Apache Log4j,org.apache.log4j.jmx,HierarchyDynamicMBean,585,0,24,0,96,0,28,0,16,0
Apache Log4j,org.apache.log4j.varia,NullAppender,18,0,0,0,10,0,9,0,9,0
Apache Log4j,org.apache.log4j.varia,HUP,15,43,1,1,9,10,1,2,0,2
Apache Log4j,org.apache.log4j.varia,LevelRangeFilter,44,13,10,0,15,5,10,3,5,3
Apache Log4j,org.apache.log4j.varia,FallbackErrorHandler,171,0,8,0,33,0,12,0,8,0
Apache Log4j,org.apache.log4j.varia,HUPNode,29,59,0,2,14,18,0,3,0,2
Apache Log4j,org.apache.log4j.varia,DenyAllFilter,3,5,0,0,2,2,2,2,2,2
Apache Log4j,org.apache.log4j.varia,LevelMatchFilter,14,40,3,7,3,15,4,7,2,4
Apache Log4j,org.apache.log4j.varia,ExternallyRolledFileAppender,3,37,2,2,1,13,2,4,0,4
Apache Log4j,org.apache.log4j.varia,StringMatchFilter,75,0,12,0,22,0,14,0,8,0
Apache Log4j,org.apache.log4j.varia,ReloadingPropertyConfigurator,10,0,0,0,5,0,3,0,3,0
Apache Log4j,org.apache.log4j.varia,Roller,146,0,8,0,34,0,10,0,6,0
Apache Log4j,org.apache.log4j.xml,Log4jEntityResolver,18,27,2,4,2,7,2,3,0,2
Apache Log4j,org.apache.log4j.xml,SAXErrorHandler,33,3,0,0,10,1,4,1,4,1
Apache Log4j,org.apache.log4j.xml,DOMConfigurator.new DOMConfigurator.ParseAction() {...},27,0,0,0,3,0,3,0,3,0
Apache Log4j,org.apache.log4j.xml,DOMConfigurator.new DOMConfigurator.ParseAction() {...},35,0,0,0,5,0,3,0,3,0
Apache Log4j,org.apache.log4j.xml,DOMConfigurator.new DOMConfigurator.ParseAction() {...},12,17,0,0,1,2,1,2,1,2
Apache Log4j,org.apache.log4j.xml,DOMConfigurator.new DOMConfigurator.ParseAction() {...},35,0,0,0,5,0,3,0,3,0
Apache Log4j,org.apache.log4j.xml,DOMConfigurator.new DOMConfigurator.ParseAction() {...},13,37,0,0,1,8,1,2,1,2
Apache Log4j,org.apache.log4j.xml,XMLWatchdog,0,12,0,0,0,5,0,2,0,2
Apache Log4j,org.apache.log4j.xml,DOMConfigurator,589,1250,92,112,146,288,73,64,10,25
Apache Log4j,org.apache.log4j.xml,XMLLayout,21,292,3,15,6,64,6,11,3,5
Apache Log4j,org.apache.log4j.or,RendererMap,84,89,8,12,19,27,7,13,3,7
Apache Log4j,org.apache.log4j.or,ThreadGroupRenderer,102,0,4,0,25,0,4,0,2,0
Apache Log4j,org.apache.log4j.or,DefaultRenderer,7,3,0,0,3,2,1,1,1,1
